<?xml version="1.0" encoding="UTF-8"?>
<testng-results ignored="0" total="1" passed="1" failed="0" skipped="0">
  <reporter-output>
  </reporter-output>
  <suite started-at="2024-03-04T13:51:36 IST" name="Default suite" finished-at="2024-03-04T13:51:55 IST" duration-ms="19755">
    <groups>
      <group name="cucumber">
        <method signature="AbstractTestNGCucumberTests.runScenario(io.cucumber.testng.PickleWrapper,io.cucumber.testng.FeatureWrapper)[pri:0, instance:Runner.AmazonTestRunner@6ed3ccb2]" name="runScenario" class="io.cucumber.testng.AbstractTestNGCucumberTests"/>
      </group> <!-- cucumber -->
    </groups>
    <test started-at="2024-03-04T13:51:36 IST" name="Default test" finished-at="2024-03-04T13:51:55 IST" duration-ms="19755">
      <class name="Runner.AmazonTestRunner">
        <test-method is-config="true" signature="setUpClass(org.testng.ITestContext)[pri:0, instance:Runner.AmazonTestRunner@6ed3ccb2]" started-at="2024-03-04T13:51:36 IST" name="setUpClass" finished-at="2024-03-04T13:51:37 IST" duration-ms="951" status="PASS">
          <params>
            <param index="0">
              <value>
                <![CDATA[org.testng.TestRunner@68217d41]]>
              </value>
            </param>
          </params>
          <reporter-output>
          </reporter-output>
        </test-method> <!-- setUpClass -->
        <test-method signature="runScenario(io.cucumber.testng.PickleWrapper,io.cucumber.testng.FeatureWrapper)[pri:0, instance:Runner.AmazonTestRunner@6ed3ccb2]" started-at="2024-03-04T13:51:37 IST" name="runScenario" description="Runs Cucumber Scenarios" data-provider="scenarios" finished-at="2024-03-04T13:51:55 IST" duration-ms="18362" status="PASS">
          <params>
            <param index="0">
              <value>
                <![CDATA["Validate login functionality of amzon application"]]>
              </value>
            </param>
            <param index="1">
              <value>
                <![CDATA["Verify amazon application"]]>
              </value>
            </param>
          </params>
          <reporter-output>
          </reporter-output>
        </test-method> <!-- runScenario -->
        <test-method is-config="true" signature="tearDownClass()[pri:0, instance:Runner.AmazonTestRunner@6ed3ccb2]" started-at="2024-03-04T13:51:55 IST" name="tearDownClass" finished-at="2024-03-04T13:51:55 IST" duration-ms="343" status="PASS">
          <reporter-output>
          </reporter-output>
        </test-method> <!-- tearDownClass -->
      </class> <!-- Runner.AmazonTestRunner -->
    </test> <!-- Default test -->
  </suite> <!-- Default suite -->
</testng-results>
